<?xml version="1.0" encoding="UTF-8"?>
<testng-results skipped="0" failed="0" ignored="0" total="1" passed="1">
  <reporter-output>
  </reporter-output>
  <suite name="Default suite" duration-ms="7428" started-at="2020-08-30T17:51:38Z" finished-at="2020-08-30T17:51:45Z">
    <groups>
    </groups>
    <test name="Default test" duration-ms="7428" started-at="2020-08-30T17:51:38Z" finished-at="2020-08-30T17:51:45Z">
      <class name="Test_Done.RunTest">
        <test-method status="PASS" signature="launch()[pri:0, instance:Test_Done.RunTest@61df66b6]" name="launch" duration-ms="7407" started-at="2020-08-30T17:51:38Z" finished-at="2020-08-30T17:51:45Z">
          <reporter-output>
          </reporter-output>
        </test-method> <!-- launch -->
      </class> <!-- Test_Done.RunTest -->
    </test> <!-- Default test -->
  </suite> <!-- Default suite -->
</testng-results>
